# JRE version: Java(TM) SE Runtime Environment (21.0.5+9) (build 21.0.5+9-LTS-239)
# Java VM: Java HotSpot(TM) 64-Bit Server VM (21.0.5+9-LTS-239, mixed mode, sharing, tiered, compressed oops, compressed class ptrs, g1 gc, windows-amd64)
GC Precious Log:
 CardTable entry size: 512
 Card Set container configuration: InlinePtr #cards 5 size 8 Array Of Cards #cards 12 size 40 Howl #buckets 4 coarsen threshold 1843 Howl Bitmap #cards 512 size 80 coarsen threshold 460 Card regions per heap region 1 cards per card region 2048
 CPUs: 8 total, 8 available
 Memory: 8025M
 Large Page Support: Disabled
 NUMA Support: Disabled
 Compressed Oops: Enabled (32-bit)
 Heap Region Size: 1M
 Heap Min Capacity: 8M
 Heap Initial Capacity: 126M
 Heap Max Capacity: 2008M
 Pre-touch: Disabled
 Parallel Workers: 8
 Concurrent Workers: 2
 Concurrent Refinement Workers: 8
 Periodic GC: Disabled
Heap:
 garbage-first heap   total 329728K, used 220148K [0x0000000082800000, 0x0000000100000000)
  region size 1024K, 11 young (11264K), 11 survivors (11264K)
 Metaspace       used 126201K, committed 127360K, reserved 1179648K
  class space    used 16630K, committed 17152K, reserved 1048576K
GC Heap History (20 events):
Event: 73.565 GC heap after
{Heap after GC invocations=52 (full 0):
 garbage-first heap   total 179200K, used 107507K [0x0000000082800000, 0x0000000100000000)
  region size 1024K, 3 young (3072K), 3 survivors (3072K)
 Metaspace       used 123721K, committed 124864K, reserved 1179648K
  class space    used 16319K, committed 16832K, reserved 1048576K
}
Event: 74.261 GC heap before
{Heap before GC invocations=53 (full 0):
 garbage-first heap   total 208896K, used 167923K [0x0000000082800000, 0x0000000100000000)
  region size 1024K, 56 young (57344K), 3 survivors (3072K)
 Metaspace       used 123723K, committed 124864K, reserved 1179648K
  class space    used 16319K, committed 16832K, reserved 1048576K
}
Event: 74.270 GC heap after
{Heap after GC invocations=54 (full 0):
 garbage-first heap   total 208896K, used 112847K [0x0000000082800000, 0x0000000100000000)
  region size 1024K, 7 young (7168K), 7 survivors (7168K)
 Metaspace       used 123723K, committed 124864K, reserved 1179648K
  class space    used 16319K, committed 16832K, reserved 1048576K
}
Event: 74.784 GC heap before
{Heap before GC invocations=54 (full 0):
 garbage-first heap   total 208896K, used 192719K [0x0000000082800000, 0x0000000100000000)
  region size 1024K, 82 young (83968K), 7 survivors (7168K)
 Metaspace       used 123752K, committed 124864K, reserved 1179648K
  class space    used 16319K, committed 16832K, reserved 1048576K
}
Event: 74.795 GC heap after
{Heap after GC invocations=55 (full 0):
 garbage-first heap   total 208896K, used 120116K [0x0000000082800000, 0x0000000100000000)
  region size 1024K, 10 young (10240K), 10 survivors (10240K)
 Metaspace       used 123752K, committed 124864K, reserved 1179648K
  class space    used 16319K, committed 16832K, reserved 1048576K
}
Event: 75.301 GC heap before
{Heap before GC invocations=55 (full 0):
 garbage-first heap   total 208896K, used 188724K [0x0000000082800000, 0x0000000100000000)
  region size 1024K, 75 young (76800K), 10 survivors (10240K)
 Metaspace       used 123752K, committed 124864K, reserved 1179648K
  class space    used 16319K, committed 16832K, reserved 1048576K
}
Event: 75.319 GC heap after
{Heap after GC invocations=56 (full 0):
 garbage-first heap   total 250880K, used 122286K [0x0000000082800000, 0x0000000100000000)
  region size 1024K, 7 young (7168K), 7 survivors (7168K)
 Metaspace       used 123752K, committed 124864K, reserved 1179648K
  class space    used 16319K, committed 16832K, reserved 1048576K
}
Event: 78.072 GC heap before
{Heap before GC invocations=56 (full 0):
 garbage-first heap   total 250880K, used 161198K [0x0000000082800000, 0x0000000100000000)
  region size 1024K, 46 young (47104K), 7 survivors (7168K)
 Metaspace       used 125555K, committed 126784K, reserved 1179648K
  class space    used 16611K, committed 17152K, reserved 1048576K
}
Event: 78.107 GC heap after
{Heap after GC invocations=57 (full 0):
 garbage-first heap   total 250880K, used 130693K [0x0000000082800000, 0x0000000100000000)
  region size 1024K, 14 young (14336K), 14 survivors (14336K)
 Metaspace       used 125555K, committed 126784K, reserved 1179648K
  class space    used 16611K, committed 17152K, reserved 1048576K
}
Event: 81.164 GC heap before
{Heap before GC invocations=58 (full 0):
 garbage-first heap   total 250880K, used 219781K [0x0000000082800000, 0x0000000100000000)
  region size 1024K, 104 young (106496K), 14 survivors (14336K)
 Metaspace       used 126053K, committed 127232K, reserved 1179648K
  class space    used 16628K, committed 17152K, reserved 1048576K
}
Event: 81.208 GC heap after
{Heap after GC invocations=59 (full 0):
 garbage-first heap   total 253952K, used 146757K [0x0000000082800000, 0x0000000100000000)
  region size 1024K, 13 young (13312K), 13 survivors (13312K)
 Metaspace       used 126053K, committed 127232K, reserved 1179648K
  class space    used 16628K, committed 17152K, reserved 1048576K
}
Event: 82.711 GC heap before
{Heap before GC invocations=59 (full 0):
 garbage-first heap   total 253952K, used 220485K [0x0000000082800000, 0x0000000100000000)
  region size 1024K, 85 young (87040K), 13 survivors (13312K)
 Metaspace       used 126168K, committed 127296K, reserved 1179648K
  class space    used 16629K, committed 17152K, reserved 1048576K
}
Event: 82.743 GC heap after
{Heap after GC invocations=60 (full 0):
 garbage-first heap   total 254976K, used 162304K [0x0000000082800000, 0x0000000100000000)
  region size 1024K, 11 young (11264K), 11 survivors (11264K)
 Metaspace       used 126168K, committed 127296K, reserved 1179648K
  class space    used 16629K, committed 17152K, reserved 1048576K
}
Event: 83.215 GC heap before
{Heap before GC invocations=60 (full 0):
 garbage-first heap   total 254976K, used 219648K [0x0000000082800000, 0x0000000100000000)
  region size 1024K, 67 young (68608K), 11 survivors (11264K)
 Metaspace       used 126171K, committed 127296K, reserved 1179648K
  class space    used 16629K, committed 17152K, reserved 1048576K
}
Event: 83.242 GC heap after
{Heap after GC invocations=61 (full 0):
 garbage-first heap   total 254976K, used 181248K [0x0000000082800000, 0x0000000100000000)
  region size 1024K, 9 young (9216K), 9 survivors (9216K)
 Metaspace       used 126171K, committed 127296K, reserved 1179648K
  class space    used 16629K, committed 17152K, reserved 1048576K
}
Event: 83.486 GC heap before
{Heap before GC invocations=61 (full 0):
 garbage-first heap   total 254976K, used 224256K [0x0000000082800000, 0x0000000100000000)
  region size 1024K, 51 young (52224K), 9 survivors (9216K)
 Metaspace       used 126174K, committed 127296K, reserved 1179648K
  class space    used 16629K, committed 17152K, reserved 1048576K
}
Event: 83.506 GC heap after
{Heap after GC invocations=62 (full 0):
 garbage-first heap   total 254976K, used 194560K [0x0000000082800000, 0x0000000100000000)
  region size 1024K, 7 young (7168K), 7 survivors (7168K)
 Metaspace       used 126174K, committed 127296K, reserved 1179648K
  class space    used 16629K, committed 17152K, reserved 1048576K
}
Event: 83.898 GC heap before
{Heap before GC invocations=63 (full 0):
 garbage-first heap   total 329728K, used 229376K [0x0000000082800000, 0x0000000100000000)
  region size 1024K, 41 young (41984K), 7 survivors (7168K)
 Metaspace       used 126183K, committed 127360K, reserved 1179648K
  class space    used 16629K, committed 17152K, reserved 1048576K
}
Event: 83.915 GC heap after
{Heap after GC invocations=64 (full 0):
 garbage-first heap   total 329728K, used 202752K [0x0000000082800000, 0x0000000100000000)
  region size 1024K, 6 young (6144K), 6 survivors (6144K)
 Metaspace       used 126183K, committed 127360K, reserved 1179648K
  class space    used 16629K, committed 17152K, reserved 1048576K
}
Event: 84.677 GC heap before
{Heap before GC invocations=64 (full 0):
 garbage-first heap   total 329728K, used 280576K [0x0000000082800000, 0x0000000100000000)
  region size 1024K, 82 young (83968K), 6 survivors (6144K)
 Metaspace       used 126201K, committed 127360K, reserved 1179648K
  class space    used 16630K, committed 17152K, reserved 1048576K
}

