# JRE version: Java(TM) SE Runtime Environment (21.0.5+9) (build 21.0.5+9-LTS-239)
# Java VM: Java HotSpot(TM) 64-Bit Server VM (21.0.5+9-LTS-239, mixed mode, sharing, tiered, compressed oops, compressed class ptrs, g1 gc, windows-amd64)
GC Precious Log:
 CardTable entry size: 512
 Card Set container configuration: InlinePtr #cards 5 size 8 Array Of Cards #cards 12 size 40 Howl #buckets 4 coarsen threshold 1843 Howl Bitmap #cards 512 size 80 coarsen threshold 460 Card regions per heap region 1 cards per card region 2048
 CPUs: 8 total, 8 available
 Memory: 8025M
 Large Page Support: Disabled
 NUMA Support: Disabled
 Compressed Oops: Enabled (32-bit)
 Heap Region Size: 1M
 Heap Min Capacity: 8M
 Heap Initial Capacity: 126M
 Heap Max Capacity: 2008M
 Pre-touch: Disabled
 Parallel Workers: 8
 Concurrent Workers: 2
 Concurrent Refinement Workers: 8
 Periodic GC: Disabled
Heap:
 garbage-first heap   total 107520K, used 60899K [0x0000000082800000, 0x0000000100000000)
  region size 1024K, 3 young (3072K), 3 survivors (3072K)
 Metaspace       used 90841K, committed 91712K, reserved 1179648K
  class space    used 12176K, committed 12608K, reserved 1048576K
GC Heap History (20 events):
Event: 30.765 GC heap after
{Heap after GC invocations=25 (full 0):
 garbage-first heap   total 83968K, used 48439K [0x0000000082800000, 0x0000000100000000)
  region size 1024K, 3 young (3072K), 3 survivors (3072K)
 Metaspace       used 70909K, committed 71616K, reserved 1114112K
  class space    used 9100K, committed 9408K, reserved 1048576K
}
Event: 31.435 GC heap before
{Heap before GC invocations=25 (full 0):
 garbage-first heap   total 83968K, used 73015K [0x0000000082800000, 0x0000000100000000)
  region size 1024K, 28 young (28672K), 3 survivors (3072K)
 Metaspace       used 73717K, committed 74496K, reserved 1114112K
  class space    used 9573K, committed 9920K, reserved 1048576K
}
Event: 31.439 GC heap after
{Heap after GC invocations=26 (full 0):
 garbage-first heap   total 83968K, used 48751K [0x0000000082800000, 0x0000000100000000)
  region size 1024K, 3 young (3072K), 3 survivors (3072K)
 Metaspace       used 73717K, committed 74496K, reserved 1114112K
  class space    used 9573K, committed 9920K, reserved 1048576K
}
Event: 32.587 GC heap before
{Heap before GC invocations=26 (full 0):
 garbage-first heap   total 83968K, used 75375K [0x0000000082800000, 0x0000000100000000)
  region size 1024K, 29 young (29696K), 3 survivors (3072K)
 Metaspace       used 78869K, committed 79680K, reserved 1179648K
  class space    used 10247K, committed 10624K, reserved 1048576K
}
Event: 32.592 GC heap after
{Heap after GC invocations=27 (full 0):
 garbage-first heap   total 83968K, used 50208K [0x0000000082800000, 0x0000000100000000)
  region size 1024K, 4 young (4096K), 4 survivors (4096K)
 Metaspace       used 78869K, committed 79680K, reserved 1179648K
  class space    used 10247K, committed 10624K, reserved 1048576K
}
Event: 33.763 GC heap before
{Heap before GC invocations=28 (full 0):
 garbage-first heap   total 89088K, used 72736K [0x0000000082800000, 0x0000000100000000)
  region size 1024K, 27 young (27648K), 4 survivors (4096K)
 Metaspace       used 82959K, committed 83712K, reserved 1179648K
  class space    used 10982K, committed 11328K, reserved 1048576K
}
Event: 33.770 GC heap after
{Heap after GC invocations=29 (full 0):
 garbage-first heap   total 89088K, used 52214K [0x0000000082800000, 0x0000000100000000)
  region size 1024K, 4 young (4096K), 4 survivors (4096K)
 Metaspace       used 82959K, committed 83712K, reserved 1179648K
  class space    used 10982K, committed 11328K, reserved 1048576K
}
Event: 34.143 GC heap before
{Heap before GC invocations=29 (full 0):
 garbage-first heap   total 89088K, used 78838K [0x0000000082800000, 0x0000000100000000)
  region size 1024K, 31 young (31744K), 4 survivors (4096K)
 Metaspace       used 83724K, committed 84544K, reserved 1179648K
  class space    used 11044K, committed 11392K, reserved 1048576K
}
Event: 34.152 GC heap after
{Heap after GC invocations=30 (full 0):
 garbage-first heap   total 89088K, used 52674K [0x0000000082800000, 0x0000000100000000)
  region size 1024K, 3 young (3072K), 3 survivors (3072K)
 Metaspace       used 83724K, committed 84544K, reserved 1179648K
  class space    used 11044K, committed 11392K, reserved 1048576K
}
Event: 34.694 GC heap before
{Heap before GC invocations=30 (full 0):
 garbage-first heap   total 89088K, used 79298K [0x0000000082800000, 0x0000000100000000)
  region size 1024K, 30 young (30720K), 3 survivors (3072K)
 Metaspace       used 84857K, committed 85696K, reserved 1179648K
  class space    used 11365K, committed 11712K, reserved 1048576K
}
Event: 34.703 GC heap after
{Heap after GC invocations=31 (full 0):
 garbage-first heap   total 89088K, used 58083K [0x0000000082800000, 0x0000000100000000)
  region size 1024K, 4 young (4096K), 4 survivors (4096K)
 Metaspace       used 84857K, committed 85696K, reserved 1179648K
  class space    used 11365K, committed 11712K, reserved 1048576K
}
Event: 34.981 GC heap before
{Heap before GC invocations=32 (full 0):
 garbage-first heap   total 104448K, used 78563K [0x0000000082800000, 0x0000000100000000)
  region size 1024K, 24 young (24576K), 4 survivors (4096K)
 Metaspace       used 84859K, committed 85696K, reserved 1179648K
  class space    used 11365K, committed 11712K, reserved 1048576K
}
Event: 34.989 GC heap after
{Heap after GC invocations=33 (full 0):
 garbage-first heap   total 104448K, used 60891K [0x0000000082800000, 0x0000000100000000)
  region size 1024K, 3 young (3072K), 3 survivors (3072K)
 Metaspace       used 84859K, committed 85696K, reserved 1179648K
  class space    used 11365K, committed 11712K, reserved 1048576K
}
Event: 35.393 GC heap before
{Heap before GC invocations=33 (full 0):
 garbage-first heap   total 104448K, used 89563K [0x0000000082800000, 0x0000000100000000)
  region size 1024K, 32 young (32768K), 3 survivors (3072K)
 Metaspace       used 86346K, committed 87168K, reserved 1179648K
  class space    used 11623K, committed 11968K, reserved 1048576K
}
Event: 35.398 GC heap after
{Heap after GC invocations=34 (full 0):
 garbage-first heap   total 104448K, used 60950K [0x0000000082800000, 0x0000000100000000)
  region size 1024K, 1 young (1024K), 1 survivors (1024K)
 Metaspace       used 86346K, committed 87168K, reserved 1179648K
  class space    used 11623K, committed 11968K, reserved 1048576K
}
Event: 36.231 GC heap before
{Heap before GC invocations=34 (full 0):
 garbage-first heap   total 104448K, used 91670K [0x0000000082800000, 0x0000000100000000)
  region size 1024K, 31 young (31744K), 1 survivors (1024K)
 Metaspace       used 89011K, committed 89856K, reserved 1179648K
  class space    used 11939K, committed 12352K, reserved 1048576K
}
Event: 36.237 GC heap after
{Heap after GC invocations=35 (full 0):
 garbage-first heap   total 104448K, used 62652K [0x0000000082800000, 0x0000000100000000)
  region size 1024K, 3 young (3072K), 3 survivors (3072K)
 Metaspace       used 89011K, committed 89856K, reserved 1179648K
  class space    used 11939K, committed 12352K, reserved 1048576K
}
Event: 36.546 GC heap before
{Heap before GC invocations=36 (full 0):
 garbage-first heap   total 107520K, used 91324K [0x0000000082800000, 0x0000000100000000)
  region size 1024K, 33 young (33792K), 3 survivors (3072K)
 Metaspace       used 89252K, committed 90112K, reserved 1179648K
  class space    used 11968K, committed 12352K, reserved 1048576K
}
Event: 36.550 GC heap after
{Heap after GC invocations=37 (full 0):
 garbage-first heap   total 107520K, used 61608K [0x0000000082800000, 0x0000000100000000)
  region size 1024K, 4 young (4096K), 4 survivors (4096K)
 Metaspace       used 89252K, committed 90112K, reserved 1179648K
  class space    used 11968K, committed 12352K, reserved 1048576K
}
Event: 37.407 GC heap before
{Heap before GC invocations=37 (full 0):
 garbage-first heap   total 107520K, used 95400K [0x0000000082800000, 0x0000000100000000)
  region size 1024K, 38 young (38912K), 4 survivors (4096K)
 Metaspace       used 90841K, committed 91712K, reserved 1179648K
  class space    used 12176K, committed 12608K, reserved 1048576K
}

