# JRE version: Java(TM) SE Runtime Environment (21.0.5+9) (build 21.0.5+9-LTS-239)
# Java VM: Java HotSpot(TM) 64-Bit Server VM (21.0.5+9-LTS-239, mixed mode, sharing, tiered, compressed oops, compressed class ptrs, g1 gc, windows-amd64)
GC Precious Log:
 CardTable entry size: 512
 Card Set container configuration: InlinePtr #cards 5 size 8 Array Of Cards #cards 12 size 40 Howl #buckets 4 coarsen threshold 1843 Howl Bitmap #cards 512 size 80 coarsen threshold 460 Card regions per heap region 1 cards per card region 2048
 CPUs: 8 total, 8 available
 Memory: 8025M
 Large Page Support: Disabled
 NUMA Support: Disabled
 Compressed Oops: Enabled (32-bit)
 Heap Region Size: 1M
 Heap Min Capacity: 8M
 Heap Initial Capacity: 126M
 Heap Max Capacity: 2008M
 Pre-touch: Disabled
 Parallel Workers: 8
 Concurrent Workers: 2
 Concurrent Refinement Workers: 8
 Periodic GC: Disabled
Heap:
 garbage-first heap   total 222208K, used 184100K [0x0000000082800000, 0x0000000100000000)
  region size 1024K, 68 young (69632K), 8 survivors (8192K)
 Metaspace       used 135845K, committed 137280K, reserved 1179648K
  class space    used 16978K, committed 17664K, reserved 1048576K
GC Heap History (20 events):
Event: 461.130 GC heap after
{Heap after GC invocations=81 (full 5):
 garbage-first heap   total 193536K, used 108839K [0x0000000082800000, 0x0000000100000000)
  region size 1024K, 4 young (4096K), 4 survivors (4096K)
 Metaspace       used 132402K, committed 133760K, reserved 1179648K
  class space    used 16764K, committed 17408K, reserved 1048576K
}
Event: 891.140 GC heap before
{Heap before GC invocations=81 (full 5):
 garbage-first heap   total 193536K, used 175399K [0x0000000082800000, 0x0000000100000000)
  region size 1024K, 69 young (70656K), 4 survivors (4096K)
 Metaspace       used 132543K, committed 133888K, reserved 1179648K
  class space    used 16765K, committed 17408K, reserved 1048576K
}
Event: 891.246 GC heap after
{Heap after GC invocations=82 (full 5):
 garbage-first heap   total 193536K, used 109448K [0x0000000082800000, 0x0000000100000000)
  region size 1024K, 5 young (5120K), 5 survivors (5120K)
 Metaspace       used 132543K, committed 133888K, reserved 1179648K
  class space    used 16765K, committed 17408K, reserved 1048576K
}
Event: 935.535 GC heap before
{Heap before GC invocations=82 (full 5):
 garbage-first heap   total 193536K, used 117640K [0x0000000082800000, 0x0000000100000000)
  region size 1024K, 14 young (14336K), 5 survivors (5120K)
 Metaspace       used 132561K, committed 133952K, reserved 1179648K
  class space    used 16766K, committed 17408K, reserved 1048576K
}
Event: 937.547 GC heap after
{Heap after GC invocations=83 (full 6):
 garbage-first heap   total 193536K, used 101989K [0x0000000082800000, 0x0000000100000000)
  region size 1024K, 0 young (0K), 0 survivors (0K)
 Metaspace       used 132534K, committed 133952K, reserved 1179648K
  class space    used 16762K, committed 17408K, reserved 1048576K
}
Event: 943.633 GC heap before
{Heap before GC invocations=83 (full 6):
 garbage-first heap   total 193536K, used 179813K [0x0000000082800000, 0x0000000100000000)
  region size 1024K, 76 young (77824K), 0 survivors (0K)
 Metaspace       used 132821K, committed 134144K, reserved 1179648K
  class space    used 16794K, committed 17408K, reserved 1048576K
}
Event: 943.646 GC heap after
{Heap after GC invocations=84 (full 6):
 garbage-first heap   total 193536K, used 109157K [0x0000000082800000, 0x0000000100000000)
  region size 1024K, 7 young (7168K), 7 survivors (7168K)
 Metaspace       used 132821K, committed 134144K, reserved 1179648K
  class space    used 16794K, committed 17408K, reserved 1048576K
}
Event: 944.809 GC heap before
{Heap before GC invocations=85 (full 6):
 garbage-first heap   total 206848K, used 173669K [0x0000000082800000, 0x0000000100000000)
  region size 1024K, 69 young (70656K), 7 survivors (7168K)
 Metaspace       used 133521K, committed 134848K, reserved 1179648K
  class space    used 16834K, committed 17472K, reserved 1048576K
}
Event: 944.823 GC heap after
{Heap after GC invocations=86 (full 6):
 garbage-first heap   total 206848K, used 112674K [0x0000000082800000, 0x0000000100000000)
  region size 1024K, 5 young (5120K), 5 survivors (5120K)
 Metaspace       used 133521K, committed 134848K, reserved 1179648K
  class space    used 16834K, committed 17472K, reserved 1048576K
}
Event: 945.660 GC heap before
{Heap before GC invocations=86 (full 6):
 garbage-first heap   total 206848K, used 187426K [0x0000000082800000, 0x0000000100000000)
  region size 1024K, 78 young (79872K), 5 survivors (5120K)
 Metaspace       used 134035K, committed 135360K, reserved 1179648K
  class space    used 16864K, committed 17472K, reserved 1048576K
}
Event: 945.667 GC heap after
{Heap after GC invocations=87 (full 6):
 garbage-first heap   total 206848K, used 115819K [0x0000000082800000, 0x0000000100000000)
  region size 1024K, 8 young (8192K), 8 survivors (8192K)
 Metaspace       used 134035K, committed 135360K, reserved 1179648K
  class space    used 16864K, committed 17472K, reserved 1048576K
}
Event: 950.826 GC heap before
{Heap before GC invocations=87 (full 6):
 garbage-first heap   total 206848K, used 171115K [0x0000000082800000, 0x0000000100000000)
  region size 1024K, 63 young (64512K), 8 survivors (8192K)
 Metaspace       used 134139K, committed 135488K, reserved 1179648K
  class space    used 16870K, committed 17536K, reserved 1048576K
}
Event: 950.917 GC heap after
{Heap after GC invocations=88 (full 7):
 garbage-first heap   total 206848K, used 109721K [0x0000000082800000, 0x0000000100000000)
  region size 1024K, 0 young (0K), 0 survivors (0K)
 Metaspace       used 134113K, committed 135488K, reserved 1179648K
  class space    used 16866K, committed 17536K, reserved 1048576K
}
Event: 953.720 GC heap before
{Heap before GC invocations=88 (full 7):
 garbage-first heap   total 206848K, used 188569K [0x0000000082800000, 0x0000000100000000)
  region size 1024K, 77 young (78848K), 0 survivors (0K)
 Metaspace       used 134485K, committed 135872K, reserved 1179648K
  class space    used 16898K, committed 17536K, reserved 1048576K
}
Event: 953.725 GC heap after
{Heap after GC invocations=89 (full 7):
 garbage-first heap   total 206848K, used 116491K [0x0000000082800000, 0x0000000100000000)
  region size 1024K, 7 young (7168K), 7 survivors (7168K)
 Metaspace       used 134485K, committed 135872K, reserved 1179648K
  class space    used 16898K, committed 17536K, reserved 1048576K
}
Event: 954.571 GC heap before
{Heap before GC invocations=90 (full 7):
 garbage-first heap   total 222208K, used 185099K [0x0000000082800000, 0x0000000100000000)
  region size 1024K, 73 young (74752K), 7 survivors (7168K)
 Metaspace       used 135215K, committed 136576K, reserved 1179648K
  class space    used 16943K, committed 17600K, reserved 1048576K
}
Event: 954.580 GC heap after
{Heap after GC invocations=91 (full 7):
 garbage-first heap   total 222208K, used 120092K [0x0000000082800000, 0x0000000100000000)
  region size 1024K, 5 young (5120K), 5 survivors (5120K)
 Metaspace       used 135215K, committed 136576K, reserved 1179648K
  class space    used 16943K, committed 17600K, reserved 1048576K
}
Event: 955.592 GC heap before
{Heap before GC invocations=91 (full 7):
 garbage-first heap   total 222208K, used 200988K [0x0000000082800000, 0x0000000100000000)
  region size 1024K, 84 young (86016K), 5 survivors (5120K)
 Metaspace       used 135668K, committed 137024K, reserved 1179648K
  class space    used 16972K, committed 17600K, reserved 1048576K
}
Event: 955.599 GC heap after
{Heap after GC invocations=92 (full 7):
 garbage-first heap   total 222208K, used 123684K [0x0000000082800000, 0x0000000100000000)
  region size 1024K, 8 young (8192K), 8 survivors (8192K)
 Metaspace       used 135668K, committed 137024K, reserved 1179648K
  class space    used 16972K, committed 17600K, reserved 1048576K
}
Event: 1034.364 GC heap before
{Heap before GC invocations=92 (full 7):
 garbage-first heap   total 222208K, used 184100K [0x0000000082800000, 0x0000000100000000)
  region size 1024K, 68 young (69632K), 8 survivors (8192K)
 Metaspace       used 135845K, committed 137280K, reserved 1179648K
  class space    used 16978K, committed 17664K, reserved 1048576K
}

